There is a deluge daemon running with this config directory!
You cannot run multiple daemons with the same config directory set.
If you believe this is an error, you can force a start by deleting /home/joseph/.config/deluge/deluged.pid.
Error writing new config file: [Errno 2] No such file or directory: '/home/joseph/.config/deluge/core.conf.new'
Error writing new config file: [Errno 2] No such file or directory: '/home/joseph/.config/deluge/web.conf.new'
Error writing new config file: [Errno 2] No such file or directory: '/home/joseph/.config/deluge/web.conf.new'
Error writing new config file: [Errno 2] No such file or directory: '/home/joseph/.config/deluge/web.conf.new'
There is a deluge daemon running with this config directory!
You cannot run multiple daemons with the same config directory set.
If you believe this is an error, you can force a start by deleting /home/joseph/.config/deluge/deluged.pid.
Error writing new config file: [Errno 2] No such file or directory: '/home/joseph/.config/deluge/core.conf.new'
Error writing new config file: [Errno 2] No such file or directory: '/home/joseph/.config/deluge/web.conf.new'
Error writing new config file: [Errno 2] No such file or directory: '/home/joseph/.config/deluge/web.conf.new'
Error writing new config file: [Errno 2] No such file or directory: '/home/joseph/.config/deluge/web.conf.new'
There is a deluge daemon running with this config directory!
You cannot run multiple daemons with the same config directory set.
If you believe this is an error, you can force a start by deleting /home/joseph/.config/deluge/deluged.pid.
There is a deluge daemon running with this config directory!
You cannot run multiple daemons with the same config directory set.
If you believe this is an error, you can force a start by deleting /home/joseph/.config/deluge/deluged.pid.
There is a deluge daemon running with this config directory!
You cannot run multiple daemons with the same config directory set.
If you believe this is an error, you can force a start by deleting /home/joseph/.config/deluge/deluged.pid.
Error writing new config file: [Errno 2] No such file or directory: '/home/joseph/.config/deluge/core.conf.new'
Error writing new config file: [Errno 2] No such file or directory: '/home/joseph/.config/deluge/web.conf.new'
Error writing new config file: [Errno 2] No such file or directory: '/home/joseph/.config/deluge/web.conf.new'
Error writing new config file: [Errno 2] No such file or directory: '/home/joseph/.config/deluge/web.conf.new'
Error writing new config file: [Errno 2] No such file or directory: '/home/joseph/.config/deluge/core.conf.new'
Error writing new config file: [Errno 2] No such file or directory: '/home/joseph/.config/deluge/web.conf.new'
Error writing new config file: [Errno 2] No such file or directory: '/home/joseph/.config/deluge/web.conf.new'
Error writing new config file: [Errno 2] No such file or directory: '/home/joseph/.config/deluge/web.conf.new'
Error writing new config file: [Errno 2] No such file or directory: '/home/joseph/.config/deluge/core.conf.new'
Error writing new config file: [Errno 2] No such file or directory: '/home/joseph/.config/deluge/web.conf.new'
Error writing new config file: [Errno 2] No such file or directory: '/home/joseph/.config/deluge/web.conf.new'
Error writing new config file: [Errno 2] No such file or directory: '/home/joseph/.config/deluge/web.conf.new'
Error writing new config file: [Errno 2] No such file or directory: '/home/joseph/.config/deluge/core.conf.new'
Error writing new config file: [Errno 2] No such file or directory: '/home/joseph/.config/deluge/web.conf.new'
Error writing new config file: [Errno 2] No such file or directory: '/home/joseph/.config/deluge/web.conf.new'
Error writing new config file: [Errno 2] No such file or directory: '/home/joseph/.config/deluge/web.conf.new'
Error writing new config file: [Errno 2] No such file or directory: '/home/joseph/.config/deluge/core.conf.new'
Error writing new config file: [Errno 2] No such file or directory: '/home/joseph/.config/deluge/web.conf.new'
Error writing new config file: [Errno 2] No such file or directory: '/home/joseph/.config/deluge/web.conf.new'
Error writing new config file: [Errno 2] No such file or directory: '/home/joseph/.config/deluge/web.conf.new'
Error writing new config file: [Errno 2] No such file or directory: '/home/joseph/.config/deluge/core.conf.new'
Error writing new config file: [Errno 2] No such file or directory: '/home/joseph/.config/deluge/web.conf.new'
Error writing new config file: [Errno 2] No such file or directory: '/home/joseph/.config/deluge/web.conf.new'
Error writing new config file: [Errno 2] No such file or directory: '/home/joseph/.config/deluge/web.conf.new'
Error writing new config file: [Errno 2] No such file or directory: '/home/joseph/.config/deluge/core.conf.new'
Error writing new config file: [Errno 2] No such file or directory: '/home/joseph/.config/deluge/web.conf.new'
Error writing new config file: [Errno 2] No such file or directory: '/home/joseph/.config/deluge/web.conf.new'
Error writing new config file: [Errno 2] No such file or directory: '/home/joseph/.config/deluge/web.conf.new'
Error writing new config file: [Errno 2] No such file or directory: '/home/joseph/.config/deluge/core.conf.new'
Error writing new config file: [Errno 2] No such file or directory: '/home/joseph/.config/deluge/web.conf.new'
Error writing new config file: [Errno 2] No such file or directory: '/home/joseph/.config/deluge/web.conf.new'
Error writing new config file: [Errno 2] No such file or directory: '/home/joseph/.config/deluge/web.conf.new'
Error writing new config file: [Errno 2] No such file or directory: '/home/joseph/.config/deluge/core.conf.new'
Error writing new config file: [Errno 2] No such file or directory: '/home/joseph/.config/deluge/web.conf.new'
Error writing new config file: [Errno 2] No such file or directory: '/home/joseph/.config/deluge/web.conf.new'
Error writing new config file: [Errno 2] No such file or directory: '/home/joseph/.config/deluge/web.conf.new'
Error writing new config file: [Errno 2] No such file or directory: '/home/joseph/.config/deluge/core.conf.new'
Error writing new config file: [Errno 2] No such file or directory: '/home/joseph/.config/deluge/web.conf.new'
Error writing new config file: [Errno 2] No such file or directory: '/home/joseph/.config/deluge/web.conf.new'
Error writing new config file: [Errno 2] No such file or directory: '/home/joseph/.config/deluge/web.conf.new'
Error writing new config file: [Errno 2] No such file or directory: '/home/joseph/.config/deluge/core.conf.new'
Error writing new config file: [Errno 2] No such file or directory: '/home/joseph/.config/deluge/web.conf.new'
Error writing new config file: [Errno 2] No such file or directory: '/home/joseph/.config/deluge/web.conf.new'
Error writing new config file: [Errno 2] No such file or directory: '/home/joseph/.config/deluge/web.conf.new'
Error writing new config file: [Errno 2] No such file or directory: '/home/joseph/.config/deluge/core.conf.new'
Error writing new config file: [Errno 2] No such file or directory: '/home/joseph/.config/deluge/web.conf.new'
Error writing new config file: [Errno 2] No such file or directory: '/home/joseph/.config/deluge/web.conf.new'
Error writing new config file: [Errno 2] No such file or directory: '/home/joseph/.config/deluge/web.conf.new'
